<?xml version="1.0" encoding="UTF-8"?>
<!-- Generated by org.testng.reporters.JUnitXMLReporter -->
<testsuite hostname="DESKTOP-9P5T93S" ignored="0" name="Surefire test" tests="1" failures="0" timestamp="2021-05-11T20:48:14 CDT" time="0.083" errors="0">
  <testcase name="@BeforeClass initialization" time="0.016" classname="phpTravel.OnewayFlightTest">
    <failure type="java.lang.NullPointerException">
      <![CDATA[java.lang.NullPointerException
at qaAcademy.base.initializeDriver(base.java:38)
at phpTravel.OnewayFlightTest.initialization(OnewayFlightTest.java:34)
at java.util.ArrayList.forEach(ArrayList.java:1259)
... Removed 30 stack frames]]>
    </failure>
  </testcase> <!-- @BeforeClass initialization -->
  <testcase name="onewayRadio" time="0.0" classname="phpTravel.OnewayFlightTest">
    <skipped/>
  </testcase> <!-- onewayRadio -->
</testsuite> <!-- Surefire test -->
