<?xml version="1.0" encoding="UTF-8"?>
<!-- Generated by org.testng.reporters.JUnitXMLReporter -->
<testsuite hostname="DESKTOP-9P5T93S" ignored="0" name="Command line test" tests="15" failures="0" timestamp="2021-08-24T17:06:36 CDT" time="0.14" errors="0">
  <testcase name="@BeforeTest initialization" time="0.017" classname="qaAcademy.DataProviderLoginTest">
    <failure type="java.lang.NullPointerException">
      <![CDATA[java.lang.NullPointerException
at qaAcademy.base.initializeDriver(base.java:38)
at qaAcademy.DataProviderLoginTest.initialization(DataProviderLoginTest.java:26)
... Removed 34 stack frames]]>
    </failure>
  </testcase> <!-- @BeforeTest initialization -->
  <testcase name="@BeforeTest initialization" time="-1.629842795975E9" classname="qaAcademy.HomePageAssertTrueTest">
    <skipped/>
  </testcase> <!-- @BeforeTest initialization -->
  <testcase name="@BeforeTest initialization" time="-1.629842795977E9" classname="qaAcademy.HomePageTest">
    <skipped/>
  </testcase> <!-- @BeforeTest initialization -->
  <testcase name="@BeforeTest initialization" time="-1.629842795978E9" classname="qaAcademy.JDBCDataProviderLoginTest">
    <skipped/>
  </testcase> <!-- @BeforeTest initialization -->
  <testcase name="@BeforeTest initialization" time="-1.629842795979E9" classname="qaAcademy.LoginTest">
    <skipped/>
  </testcase> <!-- @BeforeTest initialization -->
  <testcase name="@BeforeTest initialization" time="-1.629842795979E9" classname="qaAcademy.PracticePageTest">
    <skipped/>
  </testcase> <!-- @BeforeTest initialization -->
  <testcase name="@BeforeTest initialization" time="-1.62984279598E9" classname="qaAcademy.SearchRoundTripFlightTest">
    <skipped/>
  </testcase> <!-- @BeforeTest initialization -->
  <testcase name="@BeforeClass initialization" time="-1.629842796009E9" classname="phpTravel.OnewayFlightTest">
    <skipped/>
  </testcase> <!-- @BeforeClass initialization -->
  <testcase name="@AfterTest tearDown" time="-1.629842796072E9" classname="qaAcademy.DataProviderLoginTest">
    <skipped/>
  </testcase> <!-- @AfterTest tearDown -->
  <testcase name="@AfterTest tearDown" time="-1.629842796072E9" classname="qaAcademy.HomePageAssertTrueTest">
    <skipped/>
  </testcase> <!-- @AfterTest tearDown -->
  <testcase name="@AfterTest tearDown" time="-1.629842796072E9" classname="qaAcademy.HomePageTest">
    <skipped/>
  </testcase> <!-- @AfterTest tearDown -->
  <testcase name="@AfterTest tearDown" time="-1.629842796072E9" classname="qaAcademy.JDBCDataProviderLoginTest">
    <skipped/>
  </testcase> <!-- @AfterTest tearDown -->
  <testcase name="@AfterTest tearDown" time="-1.629842796073E9" classname="qaAcademy.LoginTest">
    <skipped/>
  </testcase> <!-- @AfterTest tearDown -->
  <testcase name="@AfterTest tearDown" time="-1.629842796073E9" classname="qaAcademy.PracticePageTest">
    <skipped/>
  </testcase> <!-- @AfterTest tearDown -->
  <testcase name="@AfterTest tearDown" time="-1.629842796073E9" classname="qaAcademy.SearchRoundTripFlightTest">
    <skipped/>
  </testcase> <!-- @AfterTest tearDown -->
  <testcase name="getFlightPage" time="0.0" classname="phpTravel.OnewayFlightTest">
    <skipped/>
  </testcase> <!-- getFlightPage -->
  <testcase name="onewayRadio" time="0.0" classname="phpTravel.OnewayFlightTest">
    <skipped/>
  </testcase> <!-- onewayRadio -->
  <testcase name="selectRoute" time="0.0" classname="phpTravel.OnewayFlightTest">
    <skipped/>
  </testcase> <!-- selectRoute -->
  <testcase name="differentUserLogin" time="0.0" classname="qaAcademy.DataProviderLoginTest">
    <skipped/>
  </testcase> <!-- differentUserLogin -->
  <testcase name="differentUserLogin" time="0.0" classname="qaAcademy.DataProviderLoginTest">
    <skipped/>
  </testcase> <!-- differentUserLogin -->
  <testcase name="homePageNavigation" time="0.0" classname="qaAcademy.HomePageAssertTrueTest">
    <skipped/>
  </testcase> <!-- homePageNavigation -->
  <testcase name="homePageNavigation" time="0.0" classname="qaAcademy.HomePageTest">
    <skipped/>
  </testcase> <!-- homePageNavigation -->
  <testcase name="differentUserLogin" time="0.0" classname="qaAcademy.JDBCDataProviderLoginTest">
    <skipped/>
  </testcase> <!-- differentUserLogin -->
  <testcase name="contactUsPageNavigation" time="0.0" classname="qaAcademy.LoginTest">
    <skipped/>
  </testcase> <!-- contactUsPageNavigation -->
  <testcase name="navigatePractice" time="0.0" classname="qaAcademy.PracticePageTest">
    <skipped/>
  </testcase> <!-- navigatePractice -->
  <testcase name="selectDates" time="0.0" classname="qaAcademy.SearchRoundTripFlightTest">
    <skipped/>
  </testcase> <!-- selectDates -->
  <testcase name="selectRndTripRadio" time="0.0" classname="qaAcademy.SearchRoundTripFlightTest">
    <skipped/>
  </testcase> <!-- selectRndTripRadio -->
  <testcase name="selectDropdown" time="0.0" classname="qaAcademy.SearchRoundTripFlightTest">
    <skipped/>
  </testcase> <!-- selectDropdown -->
  <testcase name="autoSuggestDropdown" time="0.0" classname="qaAcademy.SearchRoundTripFlightTest">
    <skipped/>
  </testcase> <!-- autoSuggestDropdown -->
  <testcase name="selectCheckBox" time="0.0" classname="qaAcademy.SearchRoundTripFlightTest">
    <skipped/>
  </testcase> <!-- selectCheckBox -->
</testsuite> <!-- Command line test -->
