<?xml version="1.0" encoding="UTF-8"?>
<!-- Generated by org.testng.reporters.JUnitXMLReporter -->
<testsuite hostname="DESKTOP-9P5T93S" ignored="0" name="searching flights" tests="4" failures="0" timestamp="2021-05-05T20:55:45 CDT" time="31.875" errors="0">
  <testcase name="selectRadio" time="0.606" classname="qaAcademy.SearchFlightTest"/>
  <testcase name="searchFlight" time="8.169" classname="qaAcademy.SearchFlightTest"/>
  <testcase name="autoSuggestDropdown" time="0.697" classname="qaAcademy.SearchFlightTest"/>
  <testcase name="selectCheckBox" time="0.324" classname="qaAcademy.SearchFlightTest"/>
</testsuite> <!-- searching flights -->
