<?xml version="1.0" encoding="UTF-8"?>
<!-- Generated by org.testng.reporters.JUnitXMLReporter -->
<testsuite hostname="DESKTOP-9P5T93S" ignored="0" name="searching one way flight" tests="3" failures="0" timestamp="2021-08-24T17:11:19 CDT" time="0.119" errors="0">
  <testcase name="@BeforeClass initialization" time="0.017" classname="phpTravel.OnewayFlightTest">
    <failure type="java.lang.NullPointerException">
      <![CDATA[java.lang.NullPointerException
at qaAcademy.base.initializeDriver(base.java:38)
at phpTravel.OnewayFlightTest.initialization(OnewayFlightTest.java:27)
at java.util.ArrayList.forEach(ArrayList.java:1259)
... Removed 29 stack frames]]>
    </failure>
  </testcase> <!-- @BeforeClass initialization -->
  <testcase name="getFlightPage" time="0.0" classname="phpTravel.OnewayFlightTest">
    <skipped/>
  </testcase> <!-- getFlightPage -->
  <testcase name="onewayRadio" time="0.0" classname="phpTravel.OnewayFlightTest">
    <skipped/>
  </testcase> <!-- onewayRadio -->
  <testcase name="selectRoute" time="0.0" classname="phpTravel.OnewayFlightTest">
    <skipped/>
  </testcase> <!-- selectRoute -->
</testsuite> <!-- searching one way flight -->
