<?xml version="1.0" encoding="UTF-8"?>
<!-- Generated by org.testng.reporters.JUnitXMLReporter -->
<testsuite hostname="DESKTOP-9P5T93S" ignored="1" name="searching round trip flight" tests="4" failures="0" timestamp="2021-09-02T17:01:45 CDT" time="23.483" errors="0">
  <testcase name="selectRndTripRadio" time="0.408" classname="qaAcademy.SearchRoundTripFlightTest"/>
  <testcase name="selectDropdown" time="8.728" classname="qaAcademy.SearchRoundTripFlightTest"/>
  <testcase name="autoSuggestDropdown" time="0.725" classname="qaAcademy.SearchRoundTripFlightTest"/>
  <testcase name="selectCheckBox" time="0.329" classname="qaAcademy.SearchRoundTripFlightTest"/>
  <testcase name="selectDates" time="0.0" classname="qaAcademy.SearchRoundTripFlightTest">
    <ignored/>
  </testcase> <!-- selectDates -->
</testsuite> <!-- searching round trip flight -->
