<?xml version="1.0" encoding="UTF-8"?>
<!-- Generated by org.testng.reporters.JUnitXMLReporter -->
<testsuite hostname="DESKTOP-9P5T93S" ignored="0" name="Validating multiple login users" tests="2" failures="0" timestamp="2021-04-12T20:48:06 CDT" time="40.526" errors="0">
  <testcase name="differentUserLogin" time="8.858" classname="qaAcademy.DataProviderLoginTest"/>
  <testcase name="differentUserLogin" time="4.52" classname="qaAcademy.DataProviderLoginTest"/>
</testsuite> <!-- Validating multiple login users -->
