-------------------------------------------------------------------------------
Test set: phpTravel.OnewayFlightTest
-------------------------------------------------------------------------------
Tests run: 2, Failures: 1, Errors: 0, Skipped: 1, Time elapsed: 2.271 s <<< FAILURE! - in phpTravel.OnewayFlightTest
phpTravel.OnewayFlightTest.initialization  Time elapsed: 2.022 s  <<< FAILURE!
java.lang.NullPointerException
	at phpTravel.OnewayFlightTest.initialization(OnewayFlightTest.java:34)

