<?xml version="1.0" encoding="UTF-8"?>
<testsuite xmlns:xsi="http://www.w3.org/2001/XMLSchema-instance" xsi:noNamespaceSchemaLocation="https://maven.apache.org/surefire/maven-surefire-plugin/xsd/surefire-test-report-3.0.xsd" version="3.0" name="TestSuite" time="141.688" tests="5" errors="0" skipped="0" failures="1">
  <properties>
[...]
</properties>
  <testcase name="selectDates" classname="qaAcademy.SearchRoundTripFlightTest" time="0.189">
    <failure message="Element &lt;input id=&quot;ctl00_mainContent_btn_FindFlights&quot; name=&quot;ctl00$mainContent$btn_FindFlights&quot; type=&quot;submit&quot;&gt; could not be scrolled into view&#10;Build info: version: &apos;3.141.59&apos;, revision: &apos;e82be7d358&apos;, time: &apos;2018-11-14T08:17:03&apos;&#10;System info: host: &apos;DESKTOP-9P5T93S&apos;, ip: &apos;10.1.240.110&apos;, os.name: &apos;Windows 10&apos;, os.arch: &apos;amd64&apos;, os.version: &apos;10.0&apos;, java.version: &apos;1.8.0_261&apos;&#10;Driver info: org.openqa.selenium.firefox.FirefoxDriver&#10;Capabilities {acceptInsecureCerts: true, browserName: firefox, browserVersion: 87.0, javascriptEnabled: true, moz:accessibilityChecks: false, moz:buildID: 20210318103112, moz:geckodriverVersion: 0.29.0, moz:headless: false, moz:processID: 32520, moz:profile: C:\Users\admin\AppData\Loca..., moz:shutdownTimeout: 60000, moz:useNonSpecCompliantPointerOrigin: false, moz:webdriverClick: true, pageLoadStrategy: normal, platform: WINDOWS, platformName: WINDOWS, platformVersion: 10.0, rotatable: false, setWindowRect: true, strictFileInteractability: false, timeouts: {implicit: 0, pageLoad: 300000, script: 30000}, unhandledPromptBehavior: dismiss and notify}&#10;Session ID: 60118def-5996-4216-8bac-88bf62f2f92d" type="org.openqa.selenium.ElementNotInteractableException"><![CDATA[org.openqa.selenium.ElementNotInteractableException: 
Element <input id="ctl00_mainContent_btn_FindFlights" name="ctl00$mainContent$btn_FindFlights" type="submit"> could not be scrolled into view
Build info: version: '3.141.59', revision: 'e82be7d358', time: '2018-11-14T08:17:03'
System info: host: 'DESKTOP-9P5T93S', ip: '10.1.240.110', os.name: 'Windows 10', os.arch: 'amd64', os.version: '10.0', java.version: '1.8.0_261'
Driver info: org.openqa.selenium.firefox.FirefoxDriver
Capabilities {acceptInsecureCerts: true, browserName: firefox, browserVersion: 87.0, javascriptEnabled: true, moz:accessibilityChecks: false, moz:buildID: 20210318103112, moz:geckodriverVersion: 0.29.0, moz:headless: false, moz:processID: 32520, moz:profile: C:\Users\admin\AppData\Loca..., moz:shutdownTimeout: 60000, moz:useNonSpecCompliantPointerOrigin: false, moz:webdriverClick: true, pageLoadStrategy: normal, platform: WINDOWS, platformName: WINDOWS, platformVersion: 10.0, rotatable: false, setWindowRect: true, strictFileInteractability: false, timeouts: {implicit: 0, pageLoad: 300000, script: 30000}, unhandledPromptBehavior: dismiss and notify}
Session ID: 60118def-5996-4216-8bac-88bf62f2f92d
	at qaAcademy.SearchRoundTripFlightTest.selectDates(SearchRoundTripFlightTest.java:176)
]]></failure>
    <system-err><![CDATA[1630017088288	geckodriver	INFO	Listening on 127.0.0.1:27121
1630017089631	mozrunner::runner	INFO	Running command: "C:\\Program Files\\Mozilla Firefox\\firefox.exe" "--marionette" "-foreground" "-no-remote" "-profile" "C:\\Users\\admin\\AppData\\Local\\Temp\\rust_mozprofileZLrUAj"
console.warn: SearchSettings: "get: No settings file exists, new profile?" (new Error("", "(unknown module)"))
1630017111631	Marionette	INFO	Listening on port 56698
1630017112077	Marionette	WARN	TLS certificate errors will be ignored for this session
Aug 26, 2021 5:31:52 PM org.openqa.selenium.remote.ProtocolHandshake createSession
INFO: Detected dialect: W3C
JavaScript error: https://rahulshettyacademy.com/dropdownsPractise/#, line 569: ReferenceError: Sys is not defined
JavaScript error: https://rahulshettyacademy.com/dropdownsPractise/#, line 3587: ReferenceError: Sys is not defined
]]></system-err>
  </testcase>
  <testcase name="selectRndTripRadio" classname="qaAcademy.SearchRoundTripFlightTest" time="0.079"/>
  <testcase name="selectDropdown" classname="qaAcademy.SearchRoundTripFlightTest" time="8.659">
    <system-out><![CDATA[Flight tab is clicked
INR
AED
4 Adult, 1 Child
Test
]]></system-out>
    <system-err><![CDATA[JavaScript error: https://rahulshettyacademy.com/dropdownsPractise/#EmptyPage.aspx, line 569: ReferenceError: Sys is not defined
JavaScript error: https://rahulshettyacademy.com/dropdownsPractise/#EmptyPage.aspx, line 3587: ReferenceError: Sys is not defined
]]></system-err>
  </testcase>
  <testcase name="autoSuggestDropdown" classname="qaAcademy.SearchRoundTripFlightTest" time="0.608"/>
  <testcase name="selectCheckBox" classname="qaAcademy.SearchRoundTripFlightTest" time="0.354"/>
</testsuite>